2026-04-22 23:09:35,365 | INFO | root | Loading config from configs\train_config.yaml
2026-04-22 23:20:46,045 | INFO | preprocessing | Loaded prepared data cache from data\cache\prepared_data.pkl
2026-04-23 00:15:56,094 | INFO | __main__ | Cross-validation accuracy: 0.9997 ± 0.0000
2026-04-23 00:23:33,215 | INFO | __main__ | Validation accuracy: 0.9997
2026-04-23 02:18:34,532 | INFO | __main__ | Wrote ongoing journey predictions to outputs\ongoing_predictions.csv (158325 rows)
2026-04-23 02:18:35,930 | INFO | root | Done in 11340.6s | validation accuracy 0.9997
2026-04-23 02:38:42,259 | INFO | root | Loading config from configs\train_config.yaml
2026-04-23 02:43:41,616 | INFO | preprocessing | Loaded prepared data cache from data\cache\prepared_data.pkl
2026-04-23 04:03:08,634 | INFO | __main__ | Cross-validation accuracy: nan ± nan
2026-04-23 04:43:36,703 | INFO | __main__ | Validation accuracy: 0.9997
2026-04-23 04:51:31,460 | INFO | __main__ | Saved RF model to artifacts\rf_model.joblib
2026-04-23 04:51:57,890 | INFO | __main__ | Saved training dataset to artifacts\rf_training_data.npz
2026-04-23 04:51:59,740 | INFO | __main__ | Top feature by importance: event_id_t29 (index=29)
2026-04-23 05:04:09,019 | INFO | __main__ | Saved PDP plot to artifacts\rf_top_feature_pdp.png
2026-04-23 05:04:12,747 | INFO | __main__ | Saved ICE plot to artifacts\rf_top_feature_ice.png
2026-04-23 07:38:46,495 | INFO | __main__ | Wrote ongoing journey predictions to outputs\ongoing_predictions.csv (158325 rows)
2026-04-23 07:38:46,896 | INFO | root | Done in 18004.6s | validation accuracy 0.9997
2026-04-27 23:26:29,983 | INFO | __main__ | [1/6] Loading config from configs\train_config.yaml...
2026-04-27 23:26:29,985 | INFO | __main__ | [2/6] Preparing journey records (this can take a while on large files)...
2026-04-28 01:45:48,603 | INFO | preprocessing | Saved prepared data cache to data\cache\prepared_data.pkl
2026-04-28 01:47:44,699 | INFO | __main__ | Prepared 1272120 finished journeys and 158325 ongoing journeys.
2026-04-28 01:47:44,703 | INFO | __main__ | [3/6] Building train/validation data loaders and time features...
2026-04-28 01:50:03,668 | INFO | __main__ | [1/6] Loading config from configs\train_config.yaml...
2026-04-28 01:50:03,669 | INFO | __main__ | [2/6] Preparing journey records (this can take a while on large files)...
2026-04-28 01:59:37,967 | INFO | preprocessing | Loaded prepared data cache from data\cache\prepared_data.pkl
2026-04-28 01:59:38,010 | INFO | __main__ | Prepared 1272120 finished journeys and 158325 ongoing journeys.
2026-04-28 01:59:38,010 | INFO | __main__ | [3/6] Building train/validation data loaders and time features...
2026-04-28 03:14:50,499 | INFO | __main__ | [1/6] Loading config from configs\train_config.yaml...
2026-04-28 03:14:50,500 | INFO | __main__ | [2/6] Preparing journey records (this can take a while on large files)...
2026-04-28 04:38:59,870 | INFO | preprocessing | Saved prepared data cache to data\cache\prepared_data.pkl
2026-04-28 04:40:47,324 | INFO | __main__ | Prepared 1272120 finished journeys and 158325 ongoing journeys.
2026-04-28 04:40:47,332 | INFO | __main__ | [3/6] Building train/validation data loaders and time features...
2026-04-28 11:41:16,110 | INFO | __main__ | [1/6] Loading config from configs\train_config.yaml...
2026-04-28 11:41:16,112 | INFO | __main__ | [2/6] Preparing journey records (this can take a while on large files)...
2026-04-28 11:49:58,904 | INFO | preprocessing | Loaded prepared data cache from data\cache\prepared_data.pkl
2026-04-28 11:49:58,950 | INFO | __main__ | Prepared 1272120 finished journeys and 158325 ongoing journeys.
2026-04-28 11:49:58,950 | INFO | __main__ | [3/6] Building train/validation data loaders and time features...
2026-04-28 11:50:53,111 | INFO | __main__ | [4/6] Initializing model...
2026-04-28 11:50:53,392 | INFO | __main__ | [5/6] Starting training loop...
2026-04-28 12:03:30,258 | INFO | trainer | Epoch 01 warmup: first batches may be slower while kernels initialize.
2026-04-28 16:47:22,467 | INFO | trainer | Epoch 01 | loss=0.1907 | val_acc=0.9970
2026-04-28 21:43:23,614 | INFO | trainer | Epoch 02 | loss=0.1898 | val_acc=0.9971
2026-04-29 03:18:00,943 | INFO | trainer | Epoch 03 | loss=0.1895 | val_acc=0.9961
2026-04-29 09:08:11,854 | INFO | trainer | Epoch 04 | loss=0.1892 | val_acc=0.9959
2026-04-29 18:53:13,252 | INFO | trainer | Epoch 05 | loss=0.1890 | val_acc=0.9966
2026-04-29 19:05:05,947 | WARNING | trainer | Training interrupted by user. Saving current model state and continuing to prediction export.
2026-04-29 19:05:05,966 | INFO | __main__ | [6/6] Training was stopped manually; exporting current ongoing predictions...
2026-04-29 19:07:06,589 | INFO | __main__ | Wrote ongoing journey predictions to outputs\ongoing_predictions.csv (158325 rows).
2026-04-29 19:07:06,621 | INFO | __main__ | Done in 113148.7s
2026-04-30 00:06:39,630 | INFO | __main__ | [1/6] Loading config from configs\train_config.yaml...
2026-04-30 00:06:39,633 | INFO | __main__ | [2/6] Preparing journey records (this can take a while on large files)...
2026-04-30 00:11:09,220 | INFO | preprocessing | Loaded prepared data cache from data\cache\prepared_data.pkl
2026-04-30 00:11:09,283 | INFO | __main__ | Prepared 1272120 finished journeys and 158325 ongoing journeys.
2026-04-30 00:11:09,284 | INFO | __main__ | [3/6] Building train/validation data loaders and time features...
2026-04-30 00:11:28,932 | INFO | __main__ | [4/6] Initializing model...
2026-04-30 00:11:29,436 | INFO | __main__ | [5/6] Starting training loop...
2026-04-30 00:12:51,455 | INFO | trainer | Epoch 01 warmup: first batches may be slower while kernels initialize.
2026-04-30 00:50:17,886 | WARNING | trainer | Training interrupted by user. Saving current model state and continuing to prediction export.
2026-04-30 00:50:17,915 | INFO | __main__ | [6/6] Training was stopped manually; exporting current ongoing predictions...
2026-04-30 00:54:03,921 | INFO | __main__ | Wrote ongoing journey predictions to outputs\ongoing_predictions.csv (158325 rows).
2026-04-30 00:54:03,967 | INFO | __main__ | Done in 2844.4s
2026-04-30 16:27:21,647 | INFO | __main__ | [1/6] Loading config from configs\train_config.yaml...
2026-04-30 16:27:21,648 | INFO | __main__ | [2/6] Preparing journey records (this can take a while on large files)...
2026-04-30 16:53:37,928 | INFO | __main__ | [1/6] Loading config from configs\train_config.yaml...
2026-04-30 16:53:37,929 | INFO | __main__ | [2/6] Preparing journey records (this can take a while on large files)...
2026-04-30 17:00:45,331 | INFO | preprocessing | Loaded prepared data cache from data\cache\prepared_data.pkl
2026-04-30 17:00:45,373 | INFO | __main__ | Prepared 1272120 finished journeys and 158325 ongoing journeys.
2026-04-30 17:00:45,374 | INFO | __main__ | [3/6] Building train/validation data loaders and time features...
2026-04-30 17:01:54,968 | INFO | __main__ | [4/6] Initializing model...
2026-04-30 17:01:55,057 | INFO | __main__ | [5/6] Starting training loop...
2026-04-30 21:13:06,412 | INFO | __main__ | [1/6] Loading config from configs\train_config.yaml...
2026-04-30 21:13:06,414 | INFO | __main__ | [2/6] Preparing journey records (this can take a while on large files)...
2026-04-30 21:42:45,336 | INFO | preprocessing | Saved prepared data cache to data\cache\prepared_data.pkl
2026-04-30 21:42:55,436 | INFO | __main__ | Prepared 1272120 finished journeys and 158325 ongoing journeys.
2026-04-30 21:42:55,437 | INFO | __main__ | [3/6] Building train/validation data loaders and time features...
2026-04-30 21:44:13,143 | INFO | __main__ | [4/6] Initializing model...
2026-04-30 21:44:13,201 | INFO | __main__ | [5/6] Starting training loop...
2026-04-30 21:44:17,188 | INFO | trainer | Epoch 01 warmup: first batches may be slower while kernels initialize.
2026-05-01 03:44:59,095 | INFO | trainer | Epoch 01 | loss=0.2131 | val_acc=0.9958
2026-05-01 10:15:53,644 | INFO | trainer | Epoch 02 | loss=0.2120 | val_acc=0.9964
2026-05-01 18:37:50,250 | WARNING | trainer | Training interrupted by user. Saving current model state and continuing to prediction export.
2026-05-01 18:37:51,187 | INFO | __main__ | [6/6] Training was stopped manually; exporting current ongoing predictions...
2026-05-01 18:44:03,873 | INFO | __main__ | Wrote ongoing journey predictions to outputs\ongoing_predictions.csv (158325 rows).
2026-05-01 18:44:03,897 | INFO | __main__ | Done in 77457.5s
2026-05-05 00:04:19,820 | INFO | __main__ | [1/6] Loading config from configs/train_config.yaml...
2026-05-05 00:04:19,820 | INFO | __main__ | No event log found at data/dat_train1.csv. Generating synthetic sample data...
2026-05-05 00:04:19,864 | INFO | __main__ | [2/6] Preparing journey records (this can take a while on large files)...
2026-05-05 00:04:20,001 | INFO | preprocessing | Saved prepared data cache to data/cache/prepared_data.pkl
2026-05-05 00:04:20,001 | INFO | __main__ | Prepared 636 finished journeys and 164 ongoing journeys.
2026-05-05 00:04:20,001 | INFO | __main__ | [3/6] Building train/validation data loaders and time features...
2026-05-05 00:04:20,016 | INFO | __main__ | [4/6] Initializing model...
2026-05-05 00:04:20,018 | INFO | __main__ | [5/6] Starting training loop...
2026-05-05 00:04:20,763 | INFO | trainer | Epoch 01 warmup: first batches may be slower while kernels initialize.
2026-05-05 00:04:21,182 | INFO | trainer | Epoch 01 | loss=0.6823 | val_acc=0.5859
2026-05-05 00:04:21,355 | INFO | trainer | Epoch 02 | loss=0.6515 | val_acc=0.7266
2026-05-05 00:04:21,532 | INFO | trainer | Epoch 03 | loss=0.5255 | val_acc=0.9766
2026-05-05 00:04:21,704 | INFO | trainer | Epoch 04 | loss=0.3680 | val_acc=1.0000
2026-05-05 00:04:21,877 | INFO | trainer | Epoch 05 | loss=0.3299 | val_acc=1.0000
2026-05-05 00:04:22,049 | INFO | trainer | Epoch 06 | loss=0.3299 | val_acc=0.9922
2026-05-05 00:04:22,222 | INFO | trainer | Epoch 07 | loss=0.3186 | val_acc=1.0000
2026-05-05 00:04:22,394 | INFO | trainer | Epoch 08 | loss=0.3208 | val_acc=1.0000
2026-05-05 00:04:22,571 | INFO | trainer | Epoch 09 | loss=0.3110 | val_acc=1.0000
2026-05-05 00:04:22,743 | INFO | trainer | Epoch 10 | loss=0.3126 | val_acc=1.0000
2026-05-05 00:04:22,915 | INFO | trainer | Epoch 11 | loss=0.3077 | val_acc=1.0000
2026-05-05 00:04:23,087 | INFO | trainer | Epoch 12 | loss=0.3052 | val_acc=1.0000
2026-05-05 00:04:23,087 | INFO | __main__ | [6/6] Running inference for ongoing journeys and writing predictions...
2026-05-05 00:04:23,102 | INFO | __main__ | Wrote ongoing journey predictions to outputs/ongoing_predictions.csv (164 rows).
2026-05-05 00:04:23,102 | INFO | __main__ | Done in 3.3s
2026-05-05 00:20:07,339 | INFO | __main__ | [1/6] Loading config from configs/train_config.yaml...
2026-05-05 00:20:07,339 | INFO | __main__ | [2/6] Preparing journey records (this can take a while on large files)...
2026-05-05 00:30:25,824 | INFO | __main__ | [1/6] Loading config from configs/train_config.yaml...
2026-05-05 00:30:25,824 | INFO | __main__ | [2/6] Preparing journey records (this can take a while on large files)...
2026-05-05 00:35:43,186 | INFO | preprocessing | Saved prepared data cache to data/cache/prepared_data.pkl
2026-05-05 00:35:44,078 | INFO | __main__ | Prepared 1272120 finished journeys and 158325 ongoing journeys.
2026-05-05 00:35:44,078 | INFO | __main__ | [3/6] Building train/validation data loaders and time features...
2026-05-05 00:35:47,791 | INFO | __main__ | [4/6] Initializing model...
2026-05-05 00:35:47,793 | INFO | __main__ | [5/6] Starting training loop...
2026-05-05 00:35:48,273 | INFO | trainer | Epoch 01 warmup: first batches may be slower while kernels initialize.
2026-05-05 00:45:04,370 | INFO | __main__ | [1/6] Loading config from configs/train_config.yaml...
2026-05-05 00:45:04,370 | INFO | __main__ | [2/6] Preparing journey records (this can take a while on large files)...
2026-05-05 00:52:07,561 | INFO | __main__ | [1/6] Loading config from configs/train_config.yaml...
2026-05-05 00:52:07,561 | INFO | __main__ | [2/6] Preparing journey records (this can take a while on large files)...
2026-05-05 00:52:55,816 | INFO | preprocessing | Loaded prepared data cache from data/cache/prepared_data.pkl
2026-05-05 00:52:55,816 | INFO | __main__ | Prepared 1272120 finished journeys and 158325 ongoing journeys.
2026-05-05 00:52:55,816 | INFO | __main__ | [3/6] Building train/validation data loaders and time features...
2026-05-05 00:53:00,136 | INFO | __main__ | [4/6] Initializing model...
2026-05-05 00:53:00,138 | INFO | __main__ | [5/6] Starting training loop...
2026-05-05 00:53:00,722 | INFO | trainer | Epoch 01 warmup: first batches may be slower while kernels initialize.
2026-05-05 15:41:18,340 | INFO | __main__ | [1/6] Loading config from configs/train_config.yaml...
2026-05-05 15:41:18,340 | INFO | __main__ | [2/6] Preparing journey records (this can take a while on large files)...
2026-05-05 15:42:01,711 | INFO | preprocessing | Loaded prepared data cache from data/cache/prepared_data.pkl
2026-05-05 15:42:01,711 | INFO | __main__ | Prepared 1272120 finished journeys and 158325 ongoing journeys.
2026-05-05 15:42:01,711 | INFO | __main__ | [3/6] Building train/validation data loaders and time features...
2026-05-05 15:42:05,611 | INFO | __main__ | [4/6] Initializing model...
2026-05-05 15:42:05,616 | INFO | __main__ | [5/6] Starting training loop...
2026-05-05 15:42:06,458 | INFO | trainer | Epoch 01 warmup: first batches may be slower while kernels initialize.
2026-05-05 15:55:34,473 | INFO | __main__ | [1/6] Loading config from configs/train_config.yaml...
2026-05-05 15:55:34,473 | INFO | __main__ | [2/6] Preparing journey records (this can take a while on large files)...
2026-05-05 15:56:17,612 | INFO | preprocessing | Loaded prepared data cache from data/cache/prepared_data.pkl
2026-05-05 15:56:17,612 | INFO | __main__ | Prepared 1272120 finished journeys and 158325 ongoing journeys.
2026-05-05 15:56:17,612 | INFO | __main__ | [3/6] Building train/validation data loaders and time features...
2026-05-05 15:56:21,147 | INFO | __main__ | [4/6] Initializing model...
2026-05-05 15:56:21,150 | INFO | __main__ | [5/6] Starting training loop...
2026-05-05 15:56:21,995 | INFO | trainer | Epoch 01 warmup: first batches may be slower while kernels initialize.
2026-05-06 16:08:48,430 | INFO | __main__ | [1/6] Loading config from configs/train_config.yaml...
2026-05-06 16:08:48,430 | INFO | __main__ | [2/6] Preparing journey records (this can take a while on large files)...
2026-05-06 16:09:31,681 | INFO | preprocessing | Loaded prepared data cache from data/cache/prepared_data.pkl
2026-05-06 16:09:31,681 | INFO | __main__ | Prepared 1272120 finished journeys and 158325 ongoing journeys.
2026-05-06 16:09:31,681 | INFO | __main__ | [3/6] Building train/validation data loaders and time features...
2026-05-06 16:09:34,502 | INFO | __main__ | [4/6] Initializing model...
2026-05-06 16:09:34,503 | INFO | __main__ | [5/6] Starting training loop...
2026-05-06 16:09:35,256 | INFO | trainer | Epoch 01 warmup: first batches may be slower while kernels initialize.
2026-05-06 16:34:27,690 | INFO | trainer | Epoch 01 | loss=0.2133 | val_acc=0.9960
2026-05-06 16:59:14,274 | INFO | trainer | Epoch 02 | loss=0.2120 | val_acc=0.9966
2026-05-06 17:24:00,124 | INFO | trainer | Epoch 03 | loss=0.2116 | val_acc=0.9964
2026-05-06 17:48:48,874 | INFO | trainer | Epoch 04 | loss=0.2114 | val_acc=0.9963
2026-05-06 18:13:35,950 | INFO | trainer | Epoch 05 | loss=0.2112 | val_acc=0.9963
2026-05-06 18:38:23,566 | INFO | trainer | Epoch 06 | loss=0.2109 | val_acc=0.9964
2026-05-06 19:03:09,504 | INFO | trainer | Epoch 07 | loss=0.2107 | val_acc=0.9968
2026-05-06 19:28:00,090 | INFO | trainer | Epoch 08 | loss=0.2103 | val_acc=0.9969
2026-05-06 19:52:44,780 | INFO | trainer | Epoch 09 | loss=0.2100 | val_acc=0.9959
2026-05-06 20:17:30,867 | INFO | trainer | Epoch 10 | loss=0.2097 | val_acc=0.9963
2026-05-06 20:42:18,775 | INFO | trainer | Epoch 11 | loss=0.2094 | val_acc=0.9965
2026-05-06 21:07:05,731 | INFO | trainer | Epoch 12 | loss=0.2092 | val_acc=0.9967
2026-05-06 21:07:05,732 | INFO | __main__ | [6/6] Running inference for ongoing journeys and writing predictions...
2026-05-06 21:07:29,196 | INFO | __main__ | Wrote ongoing journey predictions to outputs/ongoing_predictions.csv (158325 rows).
2026-05-06 21:07:29,204 | INFO | __main__ | Done in 17920.8s
